1.000000000000000000e+00
1.000000000000000000e+00
9.999999999999998890e-01
9.999999999999998890e-01
1.000000000000000000e+00
9.999999999999998890e-01
9.999999999999998890e-01
1.000000000000000000e+00
1.000000000000000000e+00
1.000000000000000222e+00
9.999999999999998890e-01
1.000000000000000000e+00
9.999999999999996669e-01
9.999999999999101830e-01
9.999999999869442213e-01
9.999999989103973697e-01
9.999999474419070111e-01
9.999985183196942184e-01
9.999751392748338352e-01
9.997445988880845347e-01
9.983261920886969953e-01
9.926155828986665819e-01
9.766588311861511551e-01
9.436715258971140052e-01
8.900207269181743541e-01
8.175920957545459444e-01
7.327983605606018802e-01
6.436995792238427994e-01
5.574188099530380525e-01
4.788563097968359106e-01
4.105643242480911947e-01
3.532387529880885446e-01
3.063687521512724610e-01
2.687998813005410548e-01
2.391331041834715287e-01
2.159687514261021679e-01
1.980345597666651469e-01
1.842382562552055125e-01
1.736762376864620372e-01
1.656196718835269976e-01
1.594910819435527982e-01
1.548387375576183167e-01
1.513125543843193699e-01
1.486430766873957643e-01
1.466239579560887352e-01
1.450977758040429555e-01
1.439447703788257482e-01
1.430740258777266904e-01
1.424166326495290846e-01
1.419204226672861058e-01
