5.100000000000000089e-01
3.927909821866942819e-02
3.921569760126451809e-02
3.921568627719311528e-02
3.921568627451063604e-02
3.921568627450978950e-02
3.921568627450977562e-02
3.921568627450980338e-02
3.921568627450977562e-02
3.921568627450981726e-02
3.921568627450980338e-02
3.921568627450978950e-02
3.921568627450981726e-02
3.921568627450978950e-02
3.921568627450978950e-02
3.921568627450980338e-02
3.921568627450978950e-02
3.921568627450980338e-02
3.921568627450980338e-02
3.921568627450980338e-02
3.921568627450981726e-02
3.921568627450980338e-02
3.921568627450980338e-02
3.921568627450980338e-02
3.921568627450981726e-02
3.921568627450981032e-02
3.921568627450980338e-02
3.921568627450979644e-02
3.921568627450980338e-02
3.921568627450980338e-02
3.921568627450980338e-02
3.921568627450980338e-02
3.921568627450980338e-02
3.921568627450980338e-02
3.921568627450980338e-02
3.921568627450980338e-02
3.921568627450980338e-02
3.921568627450980338e-02
3.921568627450980338e-02
3.921568627450980338e-02
3.921568627450981032e-02
3.921568627450981032e-02
3.921568627450981032e-02
3.921568627450981032e-02
3.921568627450980338e-02
3.921568627450980338e-02
3.921568627450980338e-02
3.921568627450980338e-02
3.921568627450980338e-02
3.921568627450980338e-02
