1.249555899978233720e+04
9.425547109397059103e+03
7.109800280886815017e+03
5.363004644508273486e+03
4.045375723373545043e+03
3.051472408266778075e+03
2.301759204545126522e+03
1.736241533669660612e+03
1.309664764733430502e+03
9.878927863010439978e+02
7.451763196671798823e+02
5.620923747499356296e+02
4.239899569315976464e+02
3.198176450672691544e+02
2.412392195002839514e+02
1.819665696561697530e+02
1.372564982314365238e+02
1.035311545516442209e+02
7.809172289618716434e+01
5.890245416412544444e+01
4.442775836673367706e+01
3.350932153870758157e+01
2.527341354891223801e+01
1.906096926913544110e+01
1.437484796020974542e+01
1.084005039374264356e+01
8.173710149391151703e+00
6.162457690101378560e+00
4.645345812287379417e+00
3.500970107898141670e+00
2.637753774318743361e+00
1.986619329834921954e+00
1.495460800622204989e+00
1.124974025022985824e+00
8.455114019999827590e-01
6.347093901317318876e-01
4.756989016198385212e-01
3.557553810020505081e-01
2.652805433179079575e-01
1.970342869815074616e-01
1.455553164395126942e-01
1.067241108858965198e-01
7.743326631632357904e-02
5.533883058178886566e-02
3.867273243402215288e-02
2.610129450239644794e-02
1.661850793367013190e-02
9.465528171363223053e-03
4.069949655580541899e-03
0.000000000000000000e+00
